Analysis & Synthesis report for rgb_to_gray
Tue Dec 13 16:40:50 2022
Quartus II 64-Bit Version 13.0.1 Build 232 06/12/2013 Service Pack 1 SJ Web Edition


---------------------
; Table of Contents ;
---------------------
  1. Legal Notice
  2. Analysis & Synthesis Summary
  3. Analysis & Synthesis Settings
  4. Parallel Compilation
  5. Analysis & Synthesis Source Files Read
  6. Analysis & Synthesis Resource Usage Summary
  7. Analysis & Synthesis Resource Utilization by Entity
  8. Analysis & Synthesis DSP Block Usage Summary
  9. Registers Removed During Synthesis
 10. General Register Statistics
 11. Parameter Settings for Inferred Entity Instance: rgb_to_gray_datapath:datapath|lpm_mult:Mult2
 12. Parameter Settings for Inferred Entity Instance: rgb_to_gray_datapath:datapath|lpm_mult:Mult0
 13. Parameter Settings for Inferred Entity Instance: rgb_to_gray_datapath:datapath|lpm_mult:Mult1
 14. lpm_mult Parameter Settings by Entity Instance
 15. Elapsed Time Per Partition
 16. Analysis & Synthesis Messages
 17. Analysis & Synthesis Suppressed Messages



----------------
; Legal Notice ;
----------------
Copyright (C) 1991-2013 Altera Corporation
Your use of Altera Corporation's design tools, logic functions 
and other software and tools, and its AMPP partner logic 
functions, and any output files from any of the foregoing 
(including device programming or simulation files), and any 
associated documentation or information are expressly subject 
to the terms and conditions of the Altera Program License 
Subscription Agreement, Altera MegaCore Function License 
Agreement, or other applicable license agreement, including, 
without limitation, that your use is for the sole purpose of 
programming logic devices manufactured by Altera and sold by 
Altera or its authorized distributors.  Please refer to the 
applicable agreement for further details.



+--------------------------------------------------------------------------------------+
; Analysis & Synthesis Summary                                                         ;
+------------------------------------+-------------------------------------------------+
; Analysis & Synthesis Status        ; Successful - Tue Dec 13 16:40:50 2022           ;
; Quartus II 64-Bit Version          ; 13.0.1 Build 232 06/12/2013 SP 1 SJ Web Edition ;
; Revision Name                      ; rgb_to_gray                                     ;
; Top-level Entity Name              ; rgb_to_gray                                     ;
; Family                             ; Cyclone II                                      ;
; Total logic elements               ; 111                                             ;
;     Total combinational functions  ; 111                                             ;
;     Dedicated logic registers      ; 1                                               ;
; Total registers                    ; 1                                               ;
; Total pins                         ; 35                                              ;
; Total virtual pins                 ; 0                                               ;
; Total memory bits                  ; 0                                               ;
; Embedded Multiplier 9-bit elements ; 12                                              ;
; Total PLLs                         ; 0                                               ;
+------------------------------------+-------------------------------------------------+


+----------------------------------------------------------------------------------------------------------------------+
; Analysis & Synthesis Settings                                                                                        ;
+----------------------------------------------------------------------------+--------------------+--------------------+
; Option                                                                     ; Setting            ; Default Value      ;
+----------------------------------------------------------------------------+--------------------+--------------------+
; Device                                                                     ; EP2C35F672C6       ;                    ;
; Top-level entity name                                                      ; rgb_to_gray        ; rgb_to_gray        ;
; Family name                                                                ; Cyclone II         ; Cyclone IV GX      ;
; Use smart compilation                                                      ; Off                ; Off                ;
; Enable parallel Assembler and TimeQuest Timing Analyzer during compilation ; On                 ; On                 ;
; Enable compact report table                                                ; Off                ; Off                ;
; Restructure Multiplexers                                                   ; Auto               ; Auto               ;
; Create Debugging Nodes for IP Cores                                        ; Off                ; Off                ;
; Preserve fewer node names                                                  ; On                 ; On                 ;
; Disable OpenCore Plus hardware evaluation                                  ; Off                ; Off                ;
; Verilog Version                                                            ; Verilog_2001       ; Verilog_2001       ;
; VHDL Version                                                               ; VHDL_1993          ; VHDL_1993          ;
; State Machine Processing                                                   ; Auto               ; Auto               ;
; Safe State Machine                                                         ; Off                ; Off                ;
; Extract Verilog State Machines                                             ; On                 ; On                 ;
; Extract VHDL State Machines                                                ; On                 ; On                 ;
; Ignore Verilog initial constructs                                          ; Off                ; Off                ;
; Iteration limit for constant Verilog loops                                 ; 5000               ; 5000               ;
; Iteration limit for non-constant Verilog loops                             ; 250                ; 250                ;
; Add Pass-Through Logic to Inferred RAMs                                    ; On                 ; On                 ;
; Infer RAMs from Raw Logic                                                  ; On                 ; On                 ;
; Parallel Synthesis                                                         ; On                 ; On                 ;
; DSP Block Balancing                                                        ; Auto               ; Auto               ;
; NOT Gate Push-Back                                                         ; On                 ; On                 ;
; Power-Up Don't Care                                                        ; On                 ; On                 ;
; Remove Redundant Logic Cells                                               ; Off                ; Off                ;
; Remove Duplicate Registers                                                 ; On                 ; On                 ;
; Ignore CARRY Buffers                                                       ; Off                ; Off                ;
; Ignore CASCADE Buffers                                                     ; Off                ; Off                ;
; Ignore GLOBAL Buffers                                                      ; Off                ; Off                ;
; Ignore ROW GLOBAL Buffers                                                  ; Off                ; Off                ;
; Ignore LCELL Buffers                                                       ; Off                ; Off                ;
; Ignore SOFT Buffers                                                        ; On                 ; On                 ;
; Limit AHDL Integers to 32 Bits                                             ; Off                ; Off                ;
; Optimization Technique                                                     ; Balanced           ; Balanced           ;
; Carry Chain Length                                                         ; 70                 ; 70                 ;
; Auto Carry Chains                                                          ; On                 ; On                 ;
; Auto Open-Drain Pins                                                       ; On                 ; On                 ;
; Perform WYSIWYG Primitive Resynthesis                                      ; Off                ; Off                ;
; Auto ROM Replacement                                                       ; On                 ; On                 ;
; Auto RAM Replacement                                                       ; On                 ; On                 ;
; Auto Shift Register Replacement                                            ; Auto               ; Auto               ;
; Allow Shift Register Merging across Hierarchies                            ; Auto               ; Auto               ;
; Auto Clock Enable Replacement                                              ; On                 ; On                 ;
; Strict RAM Replacement                                                     ; Off                ; Off                ;
; Allow Synchronous Control Signals                                          ; On                 ; On                 ;
; Force Use of Synchronous Clear Signals                                     ; Off                ; Off                ;
; Auto RAM to Logic Cell Conversion                                          ; Off                ; Off                ;
; Auto Resource Sharing                                                      ; Off                ; Off                ;
; Allow Any RAM Size For Recognition                                         ; Off                ; Off                ;
; Allow Any ROM Size For Recognition                                         ; Off                ; Off                ;
; Allow Any Shift Register Size For Recognition                              ; Off                ; Off                ;
; Use LogicLock Constraints during Resource Balancing                        ; On                 ; On                 ;
; Ignore translate_off and synthesis_off directives                          ; Off                ; Off                ;
; Timing-Driven Synthesis                                                    ; Off                ; Off                ;
; Report Parameter Settings                                                  ; On                 ; On                 ;
; Report Source Assignments                                                  ; On                 ; On                 ;
; Report Connectivity Checks                                                 ; On                 ; On                 ;
; Ignore Maximum Fan-Out Assignments                                         ; Off                ; Off                ;
; Synchronization Register Chain Length                                      ; 2                  ; 2                  ;
; PowerPlay Power Optimization                                               ; Normal compilation ; Normal compilation ;
; HDL message level                                                          ; Level2             ; Level2             ;
; Suppress Register Optimization Related Messages                            ; Off                ; Off                ;
; Number of Removed Registers Reported in Synthesis Report                   ; 5000               ; 5000               ;
; Number of Swept Nodes Reported in Synthesis Report                         ; 5000               ; 5000               ;
; Number of Inverted Registers Reported in Synthesis Report                  ; 100                ; 100                ;
; Clock MUX Protection                                                       ; On                 ; On                 ;
; Auto Gated Clock Conversion                                                ; Off                ; Off                ;
; Block Design Naming                                                        ; Auto               ; Auto               ;
; SDC constraint protection                                                  ; Off                ; Off                ;
; Synthesis Effort                                                           ; Auto               ; Auto               ;
; Shift Register Replacement - Allow Asynchronous Clear Signal               ; On                 ; On                 ;
; Pre-Mapping Resynthesis Optimization                                       ; Off                ; Off                ;
; Analysis & Synthesis Message Level                                         ; Medium             ; Medium             ;
; Disable Register Merging Across Hierarchies                                ; Auto               ; Auto               ;
; Resource Aware Inference For Block RAM                                     ; On                 ; On                 ;
; Synthesis Seed                                                             ; 1                  ; 1                  ;
+----------------------------------------------------------------------------+--------------------+--------------------+


Parallel compilation was disabled, but you have multiple processors available. Enable parallel compilation to reduce compilation time.
+-------------------------------------+
; Parallel Compilation                ;
+----------------------------+--------+
; Processors                 ; Number ;
+----------------------------+--------+
; Number detected on machine ; 4      ;
; Maximum allowed            ; 1      ;
+----------------------------+--------+


+-----------------------------------------------------------------------------------------------------------------------------------------------------------------+
; Analysis & Synthesis Source Files Read                                                                                                                          ;
+----------------------------------+-----------------+------------------------------+-------------------------------------------------------------------+---------+
; File Name with User-Entered Path ; Used in Netlist ; File Type                    ; File Name with Absolute Path                                      ; Library ;
+----------------------------------+-----------------+------------------------------+-------------------------------------------------------------------+---------+
; rgb_to_gray.v                    ; yes             ; User Verilog HDL File        ; E:/RGBtoGray/rgb_to_gray.v                                        ;         ;
; lpm_mult.tdf                     ; yes             ; Megafunction                 ; c:/altera/13.0sp1/quartus/libraries/megafunctions/lpm_mult.tdf    ;         ;
; aglobal130.inc                   ; yes             ; Megafunction                 ; c:/altera/13.0sp1/quartus/libraries/megafunctions/aglobal130.inc  ;         ;
; lpm_add_sub.inc                  ; yes             ; Megafunction                 ; c:/altera/13.0sp1/quartus/libraries/megafunctions/lpm_add_sub.inc ;         ;
; multcore.inc                     ; yes             ; Megafunction                 ; c:/altera/13.0sp1/quartus/libraries/megafunctions/multcore.inc    ;         ;
; bypassff.inc                     ; yes             ; Megafunction                 ; c:/altera/13.0sp1/quartus/libraries/megafunctions/bypassff.inc    ;         ;
; altshift.inc                     ; yes             ; Megafunction                 ; c:/altera/13.0sp1/quartus/libraries/megafunctions/altshift.inc    ;         ;
; db/mult_9ct.tdf                  ; yes             ; Auto-Generated Megafunction  ; E:/RGBtoGray/db/mult_9ct.tdf                                      ;         ;
; db/mult_dct.tdf                  ; yes             ; Auto-Generated Megafunction  ; E:/RGBtoGray/db/mult_dct.tdf                                      ;         ;
; db/mult_6ct.tdf                  ; yes             ; Auto-Generated Megafunction  ; E:/RGBtoGray/db/mult_6ct.tdf                                      ;         ;
+----------------------------------+-----------------+------------------------------+-------------------------------------------------------------------+---------+


+-----------------------------------------------------------------------------------------------------------------------------+
; Analysis & Synthesis Resource Usage Summary                                                                                 ;
+---------------------------------------------+-------------------------------------------------------------------------------+
; Resource                                    ; Usage                                                                         ;
+---------------------------------------------+-------------------------------------------------------------------------------+
; Estimated Total logic elements              ; 111                                                                           ;
;                                             ;                                                                               ;
; Total combinational functions               ; 111                                                                           ;
; Logic element usage by number of LUT inputs ;                                                                               ;
;     -- 4 input functions                    ; 0                                                                             ;
;     -- 3 input functions                    ; 87                                                                            ;
;     -- <=2 input functions                  ; 24                                                                            ;
;                                             ;                                                                               ;
; Logic elements by mode                      ;                                                                               ;
;     -- normal mode                          ; 7                                                                             ;
;     -- arithmetic mode                      ; 104                                                                           ;
;                                             ;                                                                               ;
; Total registers                             ; 1                                                                             ;
;     -- Dedicated logic registers            ; 1                                                                             ;
;     -- I/O registers                        ; 0                                                                             ;
;                                             ;                                                                               ;
; I/O pins                                    ; 35                                                                            ;
; Embedded Multiplier 9-bit elements          ; 12                                                                            ;
; Maximum fan-out node                        ; rgb_to_gray_datapath:datapath|lpm_mult:Mult1|mult_6ct:auto_generated|mac_out4 ;
; Maximum fan-out                             ; 22                                                                            ;
; Total fan-out                               ; 357                                                                           ;
; Average fan-out                             ; 2.25                                                                          ;
+---------------------------------------------+-------------------------------------------------------------------------------+


+-------------------------------------------------------------------------------------------------------------------------------------------------------------------------------------------------------------------------------------------------------+
; Analysis & Synthesis Resource Utilization by Entity                                                                                                                                                                                                   ;
+----------------------------------------+-------------------+--------------+-------------+--------------+---------+-----------+------+--------------+-----------------------------------------------------------------------------------+--------------+
; Compilation Hierarchy Node             ; LC Combinationals ; LC Registers ; Memory Bits ; DSP Elements ; DSP 9x9 ; DSP 18x18 ; Pins ; Virtual Pins ; Full Hierarchy Name                                                               ; Library Name ;
+----------------------------------------+-------------------+--------------+-------------+--------------+---------+-----------+------+--------------+-----------------------------------------------------------------------------------+--------------+
; |rgb_to_gray                           ; 111 (1)           ; 1 (0)        ; 0           ; 12           ; 0       ; 6         ; 35   ; 0            ; |rgb_to_gray                                                                      ; work         ;
;    |rgb_to_gray_controller:controller| ; 1 (1)             ; 1 (1)        ; 0           ; 0            ; 0       ; 0         ; 0    ; 0            ; |rgb_to_gray|rgb_to_gray_controller:controller                                    ; work         ;
;    |rgb_to_gray_datapath:datapath|     ; 109 (47)          ; 0 (0)        ; 0           ; 12           ; 0       ; 6         ; 0    ; 0            ; |rgb_to_gray|rgb_to_gray_datapath:datapath                                        ; work         ;
;       |lpm_mult:Mult0|                 ; 21 (0)            ; 0 (0)        ; 0           ; 4            ; 0       ; 2         ; 0    ; 0            ; |rgb_to_gray|rgb_to_gray_datapath:datapath|lpm_mult:Mult0                         ; work         ;
;          |mult_dct:auto_generated|     ; 21 (21)           ; 0 (0)        ; 0           ; 4            ; 0       ; 2         ; 0    ; 0            ; |rgb_to_gray|rgb_to_gray_datapath:datapath|lpm_mult:Mult0|mult_dct:auto_generated ; work         ;
;       |lpm_mult:Mult1|                 ; 22 (0)            ; 0 (0)        ; 0           ; 4            ; 0       ; 2         ; 0    ; 0            ; |rgb_to_gray|rgb_to_gray_datapath:datapath|lpm_mult:Mult1                         ; work         ;
;          |mult_6ct:auto_generated|     ; 22 (22)           ; 0 (0)        ; 0           ; 4            ; 0       ; 2         ; 0    ; 0            ; |rgb_to_gray|rgb_to_gray_datapath:datapath|lpm_mult:Mult1|mult_6ct:auto_generated ; work         ;
;       |lpm_mult:Mult2|                 ; 19 (0)            ; 0 (0)        ; 0           ; 4            ; 0       ; 2         ; 0    ; 0            ; |rgb_to_gray|rgb_to_gray_datapath:datapath|lpm_mult:Mult2                         ; work         ;
;          |mult_9ct:auto_generated|     ; 19 (19)           ; 0 (0)        ; 0           ; 4            ; 0       ; 2         ; 0    ; 0            ; |rgb_to_gray|rgb_to_gray_datapath:datapath|lpm_mult:Mult2|mult_9ct:auto_generated ; work         ;
+----------------------------------------+-------------------+--------------+-------------+--------------+---------+-----------+------+--------------+-----------------------------------------------------------------------------------+--------------+
Note: For table entries with two numbers listed, the numbers in parentheses indicate the number of resources of the given type used by the specific entity alone. The numbers listed outside of parentheses indicate the total resources of the given type used by the specific entity and all of its sub-entities in the hierarchy.


+-----------------------------------------------------+
; Analysis & Synthesis DSP Block Usage Summary        ;
+---------------------------------------+-------------+
; Statistic                             ; Number Used ;
+---------------------------------------+-------------+
; Simple Multipliers (9-bit)            ; 0           ;
; Simple Multipliers (18-bit)           ; 6           ;
; Embedded Multiplier Blocks            ; --          ;
; Embedded Multiplier 9-bit elements    ; 12          ;
; Signed Embedded Multipliers           ; 0           ;
; Unsigned Embedded Multipliers         ; 6           ;
; Mixed Sign Embedded Multipliers       ; 0           ;
; Variable Sign Embedded Multipliers    ; 0           ;
; Dedicated Input Shift Register Chains ; 0           ;
+---------------------------------------+-------------+
Note: number of Embedded Multiplier Blocks used is only available after a successful fit.


+-----------------------------------------------------------------------------------------------+
; Registers Removed During Synthesis                                                            ;
+------------------------------------------------------+----------------------------------------+
; Register name                                        ; Reason for Removal                     ;
+------------------------------------------------------+----------------------------------------+
; rgb_to_gray_controller:controller|current_state[1,2] ; Stuck at GND due to stuck port data_in ;
; Total Number of Removed Registers = 2                ;                                        ;
+------------------------------------------------------+----------------------------------------+


+------------------------------------------------------+
; General Register Statistics                          ;
+----------------------------------------------+-------+
; Statistic                                    ; Value ;
+----------------------------------------------+-------+
; Total registers                              ; 1     ;
; Number of registers using Synchronous Clear  ; 0     ;
; Number of registers using Synchronous Load   ; 0     ;
; Number of registers using Asynchronous Clear ; 0     ;
; Number of registers using Asynchronous Load  ; 0     ;
; Number of registers using Clock Enable       ; 0     ;
; Number of registers using Preset             ; 0     ;
+----------------------------------------------+-------+


+-----------------------------------------------------------------------------------------------+
; Parameter Settings for Inferred Entity Instance: rgb_to_gray_datapath:datapath|lpm_mult:Mult2 ;
+------------------------------------------------+------------+---------------------------------+
; Parameter Name                                 ; Value      ; Type                            ;
+------------------------------------------------+------------+---------------------------------+
; AUTO_CARRY_CHAINS                              ; ON         ; AUTO_CARRY                      ;
; IGNORE_CARRY_BUFFERS                           ; OFF        ; IGNORE_CARRY                    ;
; AUTO_CASCADE_CHAINS                            ; ON         ; AUTO_CASCADE                    ;
; IGNORE_CASCADE_BUFFERS                         ; OFF        ; IGNORE_CASCADE                  ;
; LPM_WIDTHA                                     ; 13         ; Untyped                         ;
; LPM_WIDTHB                                     ; 24         ; Untyped                         ;
; LPM_WIDTHP                                     ; 37         ; Untyped                         ;
; LPM_WIDTHR                                     ; 37         ; Untyped                         ;
; LPM_WIDTHS                                     ; 1          ; Untyped                         ;
; LPM_REPRESENTATION                             ; UNSIGNED   ; Untyped                         ;
; LPM_PIPELINE                                   ; 0          ; Untyped                         ;
; LATENCY                                        ; 0          ; Untyped                         ;
; INPUT_A_IS_CONSTANT                            ; YES        ; Untyped                         ;
; INPUT_B_IS_CONSTANT                            ; NO         ; Untyped                         ;
; USE_EAB                                        ; OFF        ; Untyped                         ;
; MAXIMIZE_SPEED                                 ; 5          ; Untyped                         ;
; DEVICE_FAMILY                                  ; Cyclone II ; Untyped                         ;
; CARRY_CHAIN                                    ; MANUAL     ; Untyped                         ;
; APEX20K_TECHNOLOGY_MAPPER                      ; LUT        ; TECH_MAPPER_APEX20K             ;
; DEDICATED_MULTIPLIER_CIRCUITRY                 ; AUTO       ; Untyped                         ;
; DEDICATED_MULTIPLIER_MIN_INPUT_WIDTH_FOR_AUTO  ; 0          ; Untyped                         ;
; DEDICATED_MULTIPLIER_MIN_OUTPUT_WIDTH_FOR_AUTO ; 0          ; Untyped                         ;
; CBXI_PARAMETER                                 ; mult_9ct   ; Untyped                         ;
; INPUT_A_FIXED_VALUE                            ; Bx         ; Untyped                         ;
; INPUT_B_FIXED_VALUE                            ; Bx         ; Untyped                         ;
; USE_AHDL_IMPLEMENTATION                        ; OFF        ; Untyped                         ;
+------------------------------------------------+------------+---------------------------------+
Note: In order to hide this table in the UI and the text report file, please set the "Show Parameter Settings in Synthesis Report" option in "Analysis and Synthesis Settings -> More Settings" to "Off".


+-----------------------------------------------------------------------------------------------+
; Parameter Settings for Inferred Entity Instance: rgb_to_gray_datapath:datapath|lpm_mult:Mult0 ;
+------------------------------------------------+------------+---------------------------------+
; Parameter Name                                 ; Value      ; Type                            ;
+------------------------------------------------+------------+---------------------------------+
; AUTO_CARRY_CHAINS                              ; ON         ; AUTO_CARRY                      ;
; IGNORE_CARRY_BUFFERS                           ; OFF        ; IGNORE_CARRY                    ;
; AUTO_CASCADE_CHAINS                            ; ON         ; AUTO_CASCADE                    ;
; IGNORE_CASCADE_BUFFERS                         ; OFF        ; IGNORE_CASCADE                  ;
; LPM_WIDTHA                                     ; 15         ; Untyped                         ;
; LPM_WIDTHB                                     ; 24         ; Untyped                         ;
; LPM_WIDTHP                                     ; 39         ; Untyped                         ;
; LPM_WIDTHR                                     ; 39         ; Untyped                         ;
; LPM_WIDTHS                                     ; 1          ; Untyped                         ;
; LPM_REPRESENTATION                             ; UNSIGNED   ; Untyped                         ;
; LPM_PIPELINE                                   ; 0          ; Untyped                         ;
; LATENCY                                        ; 0          ; Untyped                         ;
; INPUT_A_IS_CONSTANT                            ; YES        ; Untyped                         ;
; INPUT_B_IS_CONSTANT                            ; NO         ; Untyped                         ;
; USE_EAB                                        ; OFF        ; Untyped                         ;
; MAXIMIZE_SPEED                                 ; 5          ; Untyped                         ;
; DEVICE_FAMILY                                  ; Cyclone II ; Untyped                         ;
; CARRY_CHAIN                                    ; MANUAL     ; Untyped                         ;
; APEX20K_TECHNOLOGY_MAPPER                      ; LUT        ; TECH_MAPPER_APEX20K             ;
; DEDICATED_MULTIPLIER_CIRCUITRY                 ; AUTO       ; Untyped                         ;
; DEDICATED_MULTIPLIER_MIN_INPUT_WIDTH_FOR_AUTO  ; 0          ; Untyped                         ;
; DEDICATED_MULTIPLIER_MIN_OUTPUT_WIDTH_FOR_AUTO ; 0          ; Untyped                         ;
; CBXI_PARAMETER                                 ; mult_dct   ; Untyped                         ;
; INPUT_A_FIXED_VALUE                            ; Bx         ; Untyped                         ;
; INPUT_B_FIXED_VALUE                            ; Bx         ; Untyped                         ;
; USE_AHDL_IMPLEMENTATION                        ; OFF        ; Untyped                         ;
+------------------------------------------------+------------+---------------------------------+
Note: In order to hide this table in the UI and the text report file, please set the "Show Parameter Settings in Synthesis Report" option in "Analysis and Synthesis Settings -> More Settings" to "Off".


+-----------------------------------------------------------------------------------------------+
; Parameter Settings for Inferred Entity Instance: rgb_to_gray_datapath:datapath|lpm_mult:Mult1 ;
+------------------------------------------------+------------+---------------------------------+
; Parameter Name                                 ; Value      ; Type                            ;
+------------------------------------------------+------------+---------------------------------+
; AUTO_CARRY_CHAINS                              ; ON         ; AUTO_CARRY                      ;
; IGNORE_CARRY_BUFFERS                           ; OFF        ; IGNORE_CARRY                    ;
; AUTO_CASCADE_CHAINS                            ; ON         ; AUTO_CASCADE                    ;
; IGNORE_CASCADE_BUFFERS                         ; OFF        ; IGNORE_CASCADE                  ;
; LPM_WIDTHA                                     ; 16         ; Untyped                         ;
; LPM_WIDTHB                                     ; 24         ; Untyped                         ;
; LPM_WIDTHP                                     ; 40         ; Untyped                         ;
; LPM_WIDTHR                                     ; 40         ; Untyped                         ;
; LPM_WIDTHS                                     ; 1          ; Untyped                         ;
; LPM_REPRESENTATION                             ; UNSIGNED   ; Untyped                         ;
; LPM_PIPELINE                                   ; 0          ; Untyped                         ;
; LATENCY                                        ; 0          ; Untyped                         ;
; INPUT_A_IS_CONSTANT                            ; YES        ; Untyped                         ;
; INPUT_B_IS_CONSTANT                            ; NO         ; Untyped                         ;
; USE_EAB                                        ; OFF        ; Untyped                         ;
; MAXIMIZE_SPEED                                 ; 5          ; Untyped                         ;
; DEVICE_FAMILY                                  ; Cyclone II ; Untyped                         ;
; CARRY_CHAIN                                    ; MANUAL     ; Untyped                         ;
; APEX20K_TECHNOLOGY_MAPPER                      ; LUT        ; TECH_MAPPER_APEX20K             ;
; DEDICATED_MULTIPLIER_CIRCUITRY                 ; AUTO       ; Untyped                         ;
; DEDICATED_MULTIPLIER_MIN_INPUT_WIDTH_FOR_AUTO  ; 0          ; Untyped                         ;
; DEDICATED_MULTIPLIER_MIN_OUTPUT_WIDTH_FOR_AUTO ; 0          ; Untyped                         ;
; CBXI_PARAMETER                                 ; mult_6ct   ; Untyped                         ;
; INPUT_A_FIXED_VALUE                            ; Bx         ; Untyped                         ;
; INPUT_B_FIXED_VALUE                            ; Bx         ; Untyped                         ;
; USE_AHDL_IMPLEMENTATION                        ; OFF        ; Untyped                         ;
+------------------------------------------------+------------+---------------------------------+
Note: In order to hide this table in the UI and the text report file, please set the "Show Parameter Settings in Synthesis Report" option in "Analysis and Synthesis Settings -> More Settings" to "Off".


+--------------------------------------------------------------------------------------+
; lpm_mult Parameter Settings by Entity Instance                                       ;
+---------------------------------------+----------------------------------------------+
; Name                                  ; Value                                        ;
+---------------------------------------+----------------------------------------------+
; Number of entity instances            ; 3                                            ;
; Entity Instance                       ; rgb_to_gray_datapath:datapath|lpm_mult:Mult2 ;
;     -- LPM_WIDTHA                     ; 13                                           ;
;     -- LPM_WIDTHB                     ; 24                                           ;
;     -- LPM_WIDTHP                     ; 37                                           ;
;     -- LPM_REPRESENTATION             ; UNSIGNED                                     ;
;     -- INPUT_A_IS_CONSTANT            ; YES                                          ;
;     -- INPUT_B_IS_CONSTANT            ; NO                                           ;
;     -- USE_EAB                        ; OFF                                          ;
;     -- DEDICATED_MULTIPLIER_CIRCUITRY ; AUTO                                         ;
;     -- INPUT_A_FIXED_VALUE            ; Bx                                           ;
;     -- INPUT_B_FIXED_VALUE            ; Bx                                           ;
; Entity Instance                       ; rgb_to_gray_datapath:datapath|lpm_mult:Mult0 ;
;     -- LPM_WIDTHA                     ; 15                                           ;
;     -- LPM_WIDTHB                     ; 24                                           ;
;     -- LPM_WIDTHP                     ; 39                                           ;
;     -- LPM_REPRESENTATION             ; UNSIGNED                                     ;
;     -- INPUT_A_IS_CONSTANT            ; YES                                          ;
;     -- INPUT_B_IS_CONSTANT            ; NO                                           ;
;     -- USE_EAB                        ; OFF                                          ;
;     -- DEDICATED_MULTIPLIER_CIRCUITRY ; AUTO                                         ;
;     -- INPUT_A_FIXED_VALUE            ; Bx                                           ;
;     -- INPUT_B_FIXED_VALUE            ; Bx                                           ;
; Entity Instance                       ; rgb_to_gray_datapath:datapath|lpm_mult:Mult1 ;
;     -- LPM_WIDTHA                     ; 16                                           ;
;     -- LPM_WIDTHB                     ; 24                                           ;
;     -- LPM_WIDTHP                     ; 40                                           ;
;     -- LPM_REPRESENTATION             ; UNSIGNED                                     ;
;     -- INPUT_A_IS_CONSTANT            ; YES                                          ;
;     -- INPUT_B_IS_CONSTANT            ; NO                                           ;
;     -- USE_EAB                        ; OFF                                          ;
;     -- DEDICATED_MULTIPLIER_CIRCUITRY ; AUTO                                         ;
;     -- INPUT_A_FIXED_VALUE            ; Bx                                           ;
;     -- INPUT_B_FIXED_VALUE            ; Bx                                           ;
+---------------------------------------+----------------------------------------------+


+-------------------------------+
; Elapsed Time Per Partition    ;
+----------------+--------------+
; Partition Name ; Elapsed Time ;
+----------------+--------------+
; Top            ; 00:00:01     ;
+----------------+--------------+


+-------------------------------+
; Analysis & Synthesis Messages ;
+-------------------------------+
Info: *******************************************************************
Info: Running Quartus II 64-Bit Analysis & Synthesis
    Info: Version 13.0.1 Build 232 06/12/2013 Service Pack 1 SJ Web Edition
    Info: Processing started: Tue Dec 13 16:40:45 2022
Info: Command: quartus_map --read_settings_files=on --write_settings_files=off rgb_to_gray -c rgb_to_gray
Warning (20028): Parallel compilation is not licensed and has been disabled
Info (12021): Found 3 design units, including 3 entities, in source file rgb_to_gray.v
    Info (12023): Found entity 1: rgb_to_gray
    Info (12023): Found entity 2: rgb_to_gray_datapath
    Info (12023): Found entity 3: rgb_to_gray_controller
Info (12021): Found 1 design units, including 1 entities, in source file testbench_rgb_to_gray.v
    Info (12023): Found entity 1: testbench_rgb_to_gray
Info (12127): Elaborating entity "rgb_to_gray" for the top level hierarchy
Info (12128): Elaborating entity "rgb_to_gray_controller" for hierarchy "rgb_to_gray_controller:controller"
Warning (10270): Verilog HDL Case Statement warning at rgb_to_gray.v(48): incomplete case statement has no default case item
Warning (10240): Verilog HDL Always Construct warning at rgb_to_gray.v(47): inferring latch(es) for variable "out_e", which holds its previous value in one or more paths through the always construct
Warning (10230): Verilog HDL assignment warning at rgb_to_gray.v(59): truncated value with size 32 to match size of target (3)
Warning (10270): Verilog HDL Case Statement warning at rgb_to_gray.v(58): incomplete case statement has no default case item
Warning (10240): Verilog HDL Always Construct warning at rgb_to_gray.v(58): inferring latch(es) for variable "next_state", which holds its previous value in one or more paths through the always construct
Info (10041): Inferred latch for "next_state[0]" at rgb_to_gray.v(58)
Info (10041): Inferred latch for "next_state[1]" at rgb_to_gray.v(58)
Info (10041): Inferred latch for "next_state[2]" at rgb_to_gray.v(58)
Info (10041): Inferred latch for "out_e" at rgb_to_gray.v(47)
Info (12128): Elaborating entity "rgb_to_gray_datapath" for hierarchy "rgb_to_gray_datapath:datapath"
Warning (10230): Verilog HDL assignment warning at rgb_to_gray.v(28): truncated value with size 16 to match size of target (8)
Warning (14026): LATCH primitive "rgb_to_gray_controller:controller|out_e" is permanently enabled
Warning (14026): LATCH primitive "rgb_to_gray_controller:controller|next_state[0]" is permanently enabled
Warning (14026): LATCH primitive "rgb_to_gray_controller:controller|out_e" is permanently enabled
Warning (14026): LATCH primitive "rgb_to_gray_controller:controller|next_state[0]" is permanently enabled
Info (278001): Inferred 3 megafunctions from design logic
    Info (278003): Inferred multiplier megafunction ("lpm_mult") from the following logic: "rgb_to_gray_datapath:datapath|Mult2"
    Info (278003): Inferred multiplier megafunction ("lpm_mult") from the following logic: "rgb_to_gray_datapath:datapath|Mult0"
    Info (278003): Inferred multiplier megafunction ("lpm_mult") from the following logic: "rgb_to_gray_datapath:datapath|Mult1"
Info (12130): Elaborated megafunction instantiation "rgb_to_gray_datapath:datapath|lpm_mult:Mult2"
Info (12133): Instantiated megafunction "rgb_to_gray_datapath:datapath|lpm_mult:Mult2" with the following parameter:
    Info (12134): Parameter "LPM_WIDTHA" = "13"
    Info (12134): Parameter "LPM_WIDTHB" = "24"
    Info (12134): Parameter "LPM_WIDTHP" = "37"
    Info (12134): Parameter "LPM_WIDTHR" = "37"
    Info (12134): Parameter "LPM_WIDTHS" = "1"
    Info (12134): Parameter "LPM_REPRESENTATION" = "UNSIGNED"
    Info (12134): Parameter "INPUT_A_IS_CONSTANT" = "YES"
    Info (12134): Parameter "INPUT_B_IS_CONSTANT" = "NO"
    Info (12134): Parameter "MAXIMIZE_SPEED" = "5"
Info (12021): Found 1 design units, including 1 entities, in source file db/mult_9ct.tdf
    Info (12023): Found entity 1: mult_9ct
Info (12130): Elaborated megafunction instantiation "rgb_to_gray_datapath:datapath|lpm_mult:Mult0"
Info (12133): Instantiated megafunction "rgb_to_gray_datapath:datapath|lpm_mult:Mult0" with the following parameter:
    Info (12134): Parameter "LPM_WIDTHA" = "15"
    Info (12134): Parameter "LPM_WIDTHB" = "24"
    Info (12134): Parameter "LPM_WIDTHP" = "39"
    Info (12134): Parameter "LPM_WIDTHR" = "39"
    Info (12134): Parameter "LPM_WIDTHS" = "1"
    Info (12134): Parameter "LPM_REPRESENTATION" = "UNSIGNED"
    Info (12134): Parameter "INPUT_A_IS_CONSTANT" = "YES"
    Info (12134): Parameter "INPUT_B_IS_CONSTANT" = "NO"
    Info (12134): Parameter "MAXIMIZE_SPEED" = "5"
Info (12021): Found 1 design units, including 1 entities, in source file db/mult_dct.tdf
    Info (12023): Found entity 1: mult_dct
Info (12130): Elaborated megafunction instantiation "rgb_to_gray_datapath:datapath|lpm_mult:Mult1"
Info (12133): Instantiated megafunction "rgb_to_gray_datapath:datapath|lpm_mult:Mult1" with the following parameter:
    Info (12134): Parameter "LPM_WIDTHA" = "16"
    Info (12134): Parameter "LPM_WIDTHB" = "24"
    Info (12134): Parameter "LPM_WIDTHP" = "40"
    Info (12134): Parameter "LPM_WIDTHR" = "40"
    Info (12134): Parameter "LPM_WIDTHS" = "1"
    Info (12134): Parameter "LPM_REPRESENTATION" = "UNSIGNED"
    Info (12134): Parameter "INPUT_A_IS_CONSTANT" = "YES"
    Info (12134): Parameter "INPUT_B_IS_CONSTANT" = "NO"
    Info (12134): Parameter "MAXIMIZE_SPEED" = "5"
Info (12021): Found 1 design units, including 1 entities, in source file db/mult_6ct.tdf
    Info (12023): Found entity 1: mult_6ct
Info (13014): Ignored 168 buffer(s)
    Info (13019): Ignored 168 SOFT buffer(s)
Info (144001): Generated suppressed messages file E:/RGBtoGray/output_files/rgb_to_gray.map.smsg
Info (16010): Generating hard_block partition "hard_block:auto_generated_inst"
    Info (16011): Adding 0 node(s), including 0 DDIO, 0 PLL, 0 transceiver and 0 LCELL
Info (21057): Implemented 158 device resources after synthesis - the final resource count might be different
    Info (21058): Implemented 26 input pins
    Info (21059): Implemented 9 output pins
    Info (21061): Implemented 111 logic cells
    Info (21062): Implemented 12 DSP elements
Info: Quartus II 64-Bit Analysis & Synthesis was successful. 0 errors, 11 warnings
    Info: Peak virtual memory: 4612 megabytes
    Info: Processing ended: Tue Dec 13 16:40:50 2022
    Info: Elapsed time: 00:00:05
    Info: Total CPU time (on all processors): 00:00:02


+------------------------------------------+
; Analysis & Synthesis Suppressed Messages ;
+------------------------------------------+
The suppressed messages can be found in E:/RGBtoGray/output_files/rgb_to_gray.map.smsg.


